INFO    : PreTeXt-CLI version: 2.4.1

INFO    : PreTeXt project found in `/workspaces/mathematical-epidemiology`.
WARNING : Using CLI version 2.4.1 but project's `requirements.txt`
WARNING : is configured to use 1.3.0. Consider either installing
WARNING : CLI version 1.3.0 or running `pretext init --refresh`
WARNING : to update `requirements.txt` to match 2.4.1.
INFO    : converting latex-image pictures from /workspaces/mathematical-epidemiology/source/main.ptx to svg graphics for placement in /workspaces/mathematical-epidemiology/generated-assets/latex-image
INFO    : extracting latex-image pictures from /workspaces/mathematical-epidemiology/source/main.ptx
INFO    : string parameters passed to extraction stylesheet: {'publisher': '/workspaces/mathematical-epidemiology/publication/publication.ptx'}
INFO    : discovering source file's directory name: /workspaces/mathematical-epidemiology/source
INFO    : verifying and expanding input directory: /workspaces/mathematical-epidemiology/source/../generated-assets
INFO    : input directory expanded to absolute path: /workspaces/mathematical-epidemiology/generated-assets
INFO    : verifying and expanding input directory: /workspaces/mathematical-epidemiology/source/../assets
INFO    : input directory expanded to absolute path: /workspaces/mathematical-epidemiology/assets
INFO    : XSL conversion of /workspaces/mathematical-epidemiology/source/main.ptx by /home/vscode/.ptx/xsl/extract-latex-image.xsl
INFO    : successful application of /home/vscode/.ptx/xsl/extract-latex-image.xsl
WARNING : Unable to generate some latex-image assets:
 PTX:ERROR: cannot locate executable with configuration name `LatexEngine.XELATEX` as command `xelatex`
***  Edit the configuration file  ("pretext.cfg" or "project.ptx") and/or install  ***
***  the necessary program and/or make sure the executable is on your PATH         ***
INFO    : Removing temporary directory /tmp/ptx-qchurutx
INFO    : Preparing to build into /workspaces/mathematical-epidemiology/output/web.
INFO    : discovering source file's directory name: /workspaces/mathematical-epidemiology/source
INFO    : verifying and expanding input directory: /workspaces/mathematical-epidemiology/source/../generated-assets
INFO    : input directory expanded to absolute path: /workspaces/mathematical-epidemiology/generated-assets
INFO    : verifying and expanding input directory: /workspaces/mathematical-epidemiology/source/../assets
INFO    : input directory expanded to absolute path: /workspaces/mathematical-epidemiology/assets
INFO    : Runestone Services (via PreTeXt repository): version 7.2.15
INFO    : Runestone Services (using newer, via online CDN query): version 7.3.0
INFO    : converting /workspaces/mathematical-epidemiology/source/main.ptx to HTML in /tmp/ptx-u7pqh5zu
INFO    : XSL conversion of /workspaces/mathematical-epidemiology/source/main.ptx by /home/vscode/.ptx/xsl/pretext-html.xsl
INFO    : messages from the log for XSL processing (indented):
INFO    :     * PTX:WARNING:    An <xref> wants to build text using a number to identify the target, but the target (which has @xml:id "glossary-of-terms") does not have a number. You could try 'text="title"' or 'text="custom"' on the "xref".
INFO    :     *              located within: "preface-students" (xml:id), "To Students: How to Get the Most from This Text" (title)
INFO    :     * PTX:ERROR:   a cross-reference ("xref") uses references [ch-the-next-generation-method-connecting-theory-with-practice] that do not point to any target, or perhaps point to multiple targets.  Maybe you typed an @xml:id value wrong, maybe the target of the @xml:id is nonexistent, or maybe you temporarily removed the target from your source, or maybe an auxiliary file contains a duplicate.  Your output will contain some placeholder text that you will not want to distribute to your readers.
INFO    :     *              located within: "sec-the-basic-reproduction-number-R0" (xml:id), "The Basic Reproduction Number \mathcal{R}_0" (title)
INFO    :     * PTX:ERROR:   a cross-reference ("xref") uses references [ch-writing-tips-for-math-and-planning-for-peer-review] that do not point to any target, or perhaps point to multiple targets.  Maybe you typed an @xml:id value wrong, maybe the target of the @xml:id is nonexistent, or maybe you temporarily removed the target from your source, or maybe an auxiliary file contains a duplicate.  Your output will contain some placeholder text that you will not want to distribute to your readers.
INFO    :     *              located within: "sec-writing-explanations-to-present-models-to-others" (xml:id), "Writing Explanations to Present Models to Others" (title)
INFO    : successful application of /home/vscode/.ptx/xsl/pretext-html.xsl
INFO    : 
Success! Run `pretext view` to see the results.

