INFO    : PreTeXt-CLI version: 2.4.1

INFO    : PreTeXt project found in `/workspaces/mathematical-epidemiology`.
WARNING : Using CLI version 2.4.1 but project's `requirements.txt`
WARNING : is configured to use 1.3.0. Consider either installing
WARNING : CLI version 1.3.0 or running `pretext init --refresh`
WARNING : to update `requirements.txt` to match 2.4.1.
INFO    : Since no target was supplied, we will use "web".

INFO    : Staging latest build located in `/workspaces/mathematical-epidemiology/output/web` at `/workspaces/mathematical-epidemiology/output/stage`.
INFO    : 
INFO    : Deployment is now staged at `/workspaces/mathematical-epidemiology/output/stage`.
INFO    : Preparing to deploy from active `main` git branch.
INFO    : 
INFO    : Changes to project source since last commit detected.
INFO    : Add/committing these changes to local Git repository.
INFO    : 
INFO    : Committing your latest build to the `gh-pages` branch.
INFO    : 
INFO    : Attempting to connect to remote repository at `https://github.com/MerGreer/mathematical-epidemiology`...
INFO    : 
INFO    : 
INFO    : Latest build successfully pushed to GitHub!
INFO    : 
INFO    : To enable GitHub Pages, visit
INFO    :     https://github.com/MerGreer/mathematical-epidemiology/settings/pages
INFO    : selecting the `gh-pages` branch with the `/ (root)` folder.
INFO    : 
INFO    : Visit
INFO    :     https://github.com/MerGreer/mathematical-epidemiology/actions/
INFO    : to check on the status of your GitHub Pages deployment.
INFO    : 
INFO    : Your built project will soon be available to the public at:
INFO    :     https://MerGreer.github.io/mathematical-epidemiology/
